PRT1
163
485
4 0 8 (2000 1664 608 ) (1808 1664 608 ) (1808 1664 576 ) (2000 1664 576 ) 
4 0 7 (3584 1664 576 ) (3584 1664 608 ) (2000 1664 608 ) (2000 1664 576 ) 
4 0 2 (1808 2048 576 ) (1808 1664 576 ) (1808 1664 608 ) (1808 2048 608 ) 
4 1 12 (1928 1664 576 ) (1808 1664 576 ) (1808 1664 192 ) (1928 1664 192 ) 
4 1 3 (1808 1832 192 ) (1808 1827.200000 192 ) (1808 1827.200000 576 ) (1808 1832 576 ) 
4 1 4 (1808 1827.200000 192 ) (1808 1664 192 ) (1808 1664 576 ) (1808 1827.200000 576 ) 
4 2 24 (1664 1664 576 ) (1664 1664 608 ) (1664 2048 608 ) (1664 2048 576 ) 
4 2 8 (1664 1664 608 ) (1664 1664 576 ) (1808 1664 576 ) (1808 1664 608 ) 
4 3 4 (1760 1856 192 ) (1808 1827.200000 192 ) (1808 1827.200000 576 ) (1760 1856 576 ) 
4 4 25 (1664 1861.333333 576 ) (1664 1913.600000 576 ) (1664 1913.600000 192 ) (1664 1861.333333 192 ) 
4 4 26 (1664 1664 192 ) (1664 1664 576 ) (1664 1861.333333 576 ) (1664 1861.333333 192 ) 
4 4 13 (1664 1664 576 ) (1664 1664 192 ) (1760 1664 192 ) (1760 1664 576 ) 
4 4 12 (1760 1664 192 ) (1808 1664 192 ) (1808 1664 576 ) (1760 1664 576 ) 
4 4 5 (1808 1760 192 ) (1808 1664 192 ) (1664 1664 192 ) (1664 1808 192 ) 
4 5 27 (1664 1664 -64 ) (1664 1664 192 ) (1664 1808 192 ) (1664 1808 -64 ) 
4 5 17 (1664 1664 192 ) (1664 1664 -64 ) (1808 1664 -64 ) (1808 1664 192 ) 
4 6 36 (1664 1664 -352 ) (1664 1664 -64 ) (1664 1808 -64 ) (1664 1808 -352 ) 
4 6 21 (1664 1664 -64 ) (1664 1664 -352 ) (1808 1664 -352 ) (1808 1664 -64 ) 
4 7 23 (2944 -1280 608 ) (2000 -1280 608 ) (2000 -1280 576 ) (2944 -1280 576 ) 
4 7 22 (3584 -1280 608 ) (2944 -1280 608 ) (2944 -1280 576 ) (3584 -1280 576 ) 
4 7 8 (2000 1664 608 ) (2000 1664 576 ) (2000 -1280 576 ) (2000 -1280 608 ) 
4 8 154 (1664 -1280 576 ) (1664 -1280 608 ) (1664 -160 608 ) (1664 -160 576 ) 
4 8 145 (1664 -160 608 ) (1664 128 608 ) (1664 128 576 ) (1664 -160 576 ) 
4 8 76 (1664 128 608 ) (1664 256 608 ) (1664 256 576 ) (1664 128 576 ) 
4 8 37 (1664 256 608 ) (1664 1568 608 ) (1664 1568 576 ) (1664 256 576 ) 
4 8 24 (1664 1568 608 ) (1664 1664 608 ) (1664 1664 576 ) (1664 1568 576 ) 
4 8 23 (2000 -1280 576 ) (2000 -1280 608 ) (1664 -1280 608 ) (1664 -1280 576 ) 
4 9 11 (1880 1472 192 ) (1952 1184 192 ) (1952 1184 576 ) (1880 1472 576 ) 
4 9 12 (1904 1568 192 ) (1880 1472 192 ) (1880 1472 576 ) (1904 1568 576 ) 
4 10 11 (1952 512 192 ) (1883.428571 100.571429 192 ) (1883.428571 100.571429 576 ) (1952 512 576 ) 
4 11 17 (1760 -16 192 ) (1760 992 192 ) (1808 1184 192 ) (1808 128 192 ) 
5 11 16 (1808 368 192 ) (1808 1184 192 ) (1865.600000 1414.400000 192 ) (1904 1280 192 ) (1904 656 192 ) 
4 11 15 (1808 128 192 ) (1808 368 192 ) (1856 512 192 ) (1904 320 192 ) 
3 11 14 (1904 656 192 ) (1904 992 192 ) (1952 800 192 ) 
4 11 13 (1760 992 192 ) (1760 -64 192 ) (1760 -64 576 ) (1760 992 576 ) 
4 11 12 (1880 1472 192 ) (1760 992 192 ) (1760 992 576 ) (1880 1472 576 ) 
4 12 17 (1760 1664 192 ) (1808 1664 192 ) (1808 1184 192 ) (1760 992 192 ) 
3 12 16 (1865.600000 1414.400000 192 ) (1808 1184 192 ) (1808 1616 192 ) 
4 12 13 (1760 1664 192 ) (1760 992 192 ) (1760 992 576 ) (1760 1664 576 ) 
4 13 146 (1664 -160 576 ) (1664 128 576 ) (1664 128 192 ) (1664 -160 192 ) 
4 13 77 (1664 128 576 ) (1664 256 576 ) (1664 256 192 ) (1664 128 192 ) 
4 13 38 (1664 256 576 ) (1664 1568 576 ) (1664 1568 192 ) (1664 256 192 ) 
4 13 26 (1664 1568 576 ) (1664 1664 576 ) (1664 1664 192 ) (1664 1568 192 ) 
4 13 17 (1664 -48 192 ) (1664 1664 192 ) (1760 1664 192 ) (1760 -16 192 ) 
4 14 16 (1904 992 -64 ) (1904 656 -64 ) (1904 656 192 ) (1904 992 192 ) 
4 15 17 (1808 368 -64 ) (1808 128 -64 ) (1808 128 192 ) (1808 368 192 ) 
4 15 16 (1856 512 -64 ) (1808 368 -64 ) (1808 368 192 ) (1856 512 192 ) 
4 16 17 (1808 1616 -64 ) (1808 368 -64 ) (1808 368 192 ) (1808 1616 192 ) 
4 17 150 (1664 -48 192 ) (1664 -32 192 ) (1664 -32 -64 ) (1664 -48 -64 ) 
4 17 148 (1664 -32 192 ) (1664 128 192 ) (1664 128 -64 ) (1664 -32 -64 ) 
4 17 85 (1664 256 0 ) (1664 256 -64 ) (1664 128 -64 ) (1664 128 0 ) 
4 17 78 (1664 256 96 ) (1664 256 0 ) (1664 128 0 ) (1664 128 96 ) 
4 17 77 (1664 128 192 ) (1664 256 192 ) (1664 256 96 ) (1664 128 96 ) 
3 17 50 (1664 656 -32 ) (1664 896 -32 ) (1664 739.076923 -41.230769 ) 
3 17 51 (1664 896 -32 ) (1664 896 -58.666667 ) (1664 739.076923 -41.230769 ) 
5 17 54 (1664 896 -64 ) (1664 716 -64 ) (1664 656 -54.588235 ) (1664 656 -32 ) (1664 896 -58.666667 ) 
3 17 55 (1664 716 -64 ) (1664 656 -64 ) (1664 656 -54.588235 ) 
4 17 49 (1664 1152 -64 ) (1664 896 -64 ) (1664 896 0 ) (1664 1152 0 ) 
4 17 48 (1664 1312 -64 ) (1664 1152 -64 ) (1664 1152 0 ) (1664 1312 0 ) 
4 17 47 (1664 656 -64 ) (1664 512 -64 ) (1664 512 0 ) (1664 656 0 ) 
4 17 46 (1664 1568 0 ) (1664 1568 -64 ) (1664 1312 -64 ) (1664 1312 0 ) 
4 17 58 (1664 512 -64 ) (1664 256 -64 ) (1664 256 0 ) (1664 512 0 ) 
4 17 43 (1664 817.989690 0 ) (1664 753.989690 0 ) (1664 753.989690 96 ) (1664 817.989690 96 ) 
4 17 45 (1664 1129.372583 0 ) (1664 817.989690 0 ) (1664 817.989690 96 ) (1664 1129.372583 96 ) 
4 17 42 (1664 1174.627417 0 ) (1664 1129.372583 0 ) (1664 1129.372583 96 ) (1664 1174.627417 96 ) 
4 17 40 (1664 753.989690 0 ) (1664 256 0 ) (1664 256 96 ) (1664 753.989690 96 ) 
4 17 39 (1664 1568 96 ) (1664 1568 0 ) (1664 1174.627417 0 ) (1664 1174.627417 96 ) 
4 17 38 (1664 256 192 ) (1664 1568 192 ) (1664 1568 96 ) (1664 256 96 ) 
4 17 32 (1664 1664 0 ) (1664 1664 -64 ) (1664 1568 -64 ) (1664 1568 0 ) 
4 17 28 (1664 1568 192 ) (1664 1664 192 ) (1664 1664 0 ) (1664 1568 0 ) 
4 18 20 (1904 656 -64 ) (1904 992 -64 ) (1904 992 -352 ) (1904 656 -352 ) 
4 19 21 (1808 128 -64 ) (1808 368 -64 ) (1808 368 -352 ) (1808 128 -352 ) 
4 19 20 (1856 512 -352 ) (1808 368 -352 ) (1808 368 -64 ) (1856 512 -64 ) 
4 20 21 (1808 368 -64 ) (1808 1616 -64 ) (1808 1616 -352 ) (1808 368 -352 ) 
4 21 153 (1664 -48 -64 ) (1664 -32 -64 ) (1664 -32 -352 ) (1664 -48 -352 ) 
4 21 151 (1664 -32 -64 ) (1664 128 -64 ) (1664 128 -352 ) (1664 -32 -352 ) 
4 21 86 (1664 128 -64 ) (1664 256 -64 ) (1664 256 -352 ) (1664 128 -352 ) 
4 21 70 (1664 256 -64 ) (1664 1568 -64 ) (1664 704 -352 ) (1664 256 -352 ) 
3 21 75 (1664 1568 -64 ) (1664 1568 -352 ) (1664 704 -352 ) 
4 21 36 (1664 1568 -64 ) (1664 1664 -64 ) (1664 1664 -352 ) (1664 1568 -352 ) 
4 22 23 (2944 -1280 608 ) (2944 -1280 576 ) (2944 -1664 576 ) (2944 -1664 608 ) 
4 23 154 (1664 -1792 576 ) (1664 -1792 608 ) (1664 -1280 608 ) (1664 -1280 576 ) 
4 24 87 (736 1568 576 ) (736 1568 608 ) (736 2048 608 ) (736 2048 576 ) 
4 24 37 (1664 1568 576 ) (1664 1568 608 ) (736 1568 608 ) (736 1568 576 ) 
4 25 27 (1526.857143 1876.571429 192 ) (1064 1928 192 ) (1184 1952 192 ) (1472 1904 192 ) 
4 25 26 (848 1952 192 ) (1664 1861.333333 192 ) (1664 1861.333333 576 ) (848 1952 576 ) 
4 26 88 (736 1568 192 ) (736 1568 576 ) (736 1964.444444 576 ) (736 1964.444444 192 ) 
4 26 38 (1664 1568 192 ) (1664 1568 576 ) (736 1568 576 ) (736 1568 192 ) 
4 26 29 (736 1568 192 ) (736 1664 192 ) (768 1664 192 ) (768 1568 192 ) 
4 26 28 (768 1664 192 ) (1664 1664 192 ) (1664 1568 192 ) (768 1568 192 ) 
6 26 27 (736 1664 192 ) (736 1862.400000 192 ) (1064 1928 192 ) (1526.857143 1876.571429 192 ) (1664 1808 192 ) (1664 1664 192 ) 
3 27 92 (736 1664 -18.086957 ) (736 1664 0 ) (736 1716 0 ) 
5 27 96 (736 1736 0 ) (736 1736 -64 ) (736 1664 -64 ) (736 1664 -18.086957 ) (736 1716 0 ) 
4 27 91 (736 1664 192 ) (736 1736 192 ) (736 1736 0 ) (736 1664 0 ) 
4 27 90 (736 1736 192 ) (736 1862.400000 192 ) (736 1862.400000 -64 ) (736 1736 -64 ) 
3 27 33 (1136 1664 -32 ) (896 1664 -32 ) (1051.492958 1664 -45.521127 ) 
3 27 34 (1136 1664 -52.869565 ) (1136 1664 -32 ) (1051.492958 1664 -45.521127 ) 
4 27 35 (896 1664 -64 ) (1136 1664 -64 ) (1136 1664 -52.869565 ) (896 1664 -32 ) 
4 27 32 (1136 1664 -64 ) (1664 1664 -64 ) (1664 1664 0 ) (1136 1664 0 ) 
4 27 31 (736 1664 -64 ) (896 1664 -64 ) (896 1664 0 ) (736 1664 0 ) 
4 27 30 (736 1664 96 ) (736 1664 0 ) (768 1664 0 ) (768 1664 96 ) 
4 27 29 (768 1664 192 ) (736 1664 192 ) (736 1664 96 ) (768 1664 96 ) 
4 27 28 (1664 1664 0 ) (1664 1664 192 ) (768 1664 192 ) (768 1664 0 ) 
4 28 45 (1225.372583 1568 96 ) (768 1568 96 ) (768 1568 0 ) (1225.372583 1568 0 ) 
4 28 41 (1270.627417 1568 96 ) (1225.372583 1568 96 ) (1225.372583 1568 0 ) (1270.627417 1568 0 ) 
4 28 39 (1664 1568 0 ) (1664 1568 96 ) (1270.627417 1568 96 ) (1270.627417 1568 0 ) 
4 28 38 (1664 1568 96 ) (1664 1568 192 ) (768 1568 192 ) (768 1568 96 ) 
4 28 32 (1136 1664 0 ) (1664 1664 0 ) (1664 1568 0 ) (1280 1568 0 ) 
3 28 31 (768 1664 0 ) (896 1664 0 ) (768 1632 0 ) 
4 28 30 (768 1600 96 ) (768 1664 96 ) (768 1664 0 ) (768 1600 0 ) 
4 28 29 (768 1568 96 ) (768 1568 192 ) (768 1664 192 ) (768 1664 96 ) 
4 29 91 (736 1568 96 ) (736 1568 192 ) (736 1664 192 ) (736 1664 96 ) 
4 29 38 (768 1568 192 ) (736 1568 192 ) (736 1568 96 ) (768 1568 96 ) 
4 29 30 (736 1600 96 ) (736 1664 96 ) (768 1664 96 ) (768 1600 96 ) 
4 30 91 (736 1600 96 ) (736 1664 96 ) (736 1664 0 ) (736 1600 0 ) 
4 30 31 (736 1624 0 ) (736 1664 0 ) (768 1664 0 ) (768 1632 0 ) 
4 31 92 (736 1624 0 ) (736 1664 0 ) (736 1664 -18.086957 ) (736 1624 -32 ) 
4 31 96 (736 1664 -18.086957 ) (736 1664 -64 ) (736 1624 -64 ) (736 1624 -32 ) 
4 31 35 (736 1624 -64 ) (896 1664 -64 ) (896 1664 -32 ) (736 1624 -32 ) 
4 32 46 (1664 1568 -64 ) (1664 1568 0 ) (1280 1568 0 ) (1280 1568 -64 ) 
5 32 34 (1136 1664 -32 ) (1136 1664 -52.869565 ) (1170.909091 1640.727273 -64 ) (1280 1568 -64 ) (1280 1568 -32 ) 
3 32 35 (1136 1664 -52.869565 ) (1136 1664 -64 ) (1170.909091 1640.727273 -64 ) 
4 33 34 (1051.492958 1664 -45.521127 ) (1136 1664 -32 ) (1080 1568 -64 ) (1025.454545 1604.363636 -64 ) 
4 33 35 (1025.454545 1604.363636 -64 ) (880 1568 -64 ) (896 1664 -32 ) (1051.492958 1664 -45.521127 ) 
3 34 57 (1080 1568 -64 ) (1280 1568 -64 ) (1280 1568 -32 ) 
4 34 35 (1170.909091 1640.727273 -64 ) (1025.454545 1604.363636 -64 ) (1051.492958 1664 -45.521127 ) (1136 1664 -52.869565 ) 
4 35 96 (736 1568 -64 ) (736 1568 -51.478261 ) (736 1624 -32 ) (736 1624 -64 ) 
3 35 59 (736 1568 -51.478261 ) (736 1568 -64 ) (880 1568 -64 ) 
4 36 101 (736 1848 -64 ) (736 1862.400000 -64 ) (736 1862.400000 -352 ) (736 1848 -352 ) 
5 36 102 (736 1568 -352 ) (736 1568 -78.344828 ) (736 1620 -64 ) (736 1848 -64 ) (736 1848 -352 ) 
3 36 100 (736 1568 -78.344828 ) (736 1568 -64 ) (736 1620 -64 ) 
4 36 75 (1664 1568 -352 ) (1664 1568 -64 ) (736 1568 -64 ) (736 1568 -352 ) 
4 37 110 (736 256 576 ) (736 256 608 ) (736 1088 608 ) (736 1088 576 ) 
4 37 87 (736 1088 608 ) (736 1568 608 ) (736 1568 576 ) (736 1088 576 ) 
4 37 76 (736 256 608 ) (736 256 576 ) (1664 256 576 ) (1664 256 608 ) 
4 38 111 (736 256 96 ) (736 256 576 ) (736 1088 576 ) (736 1088 96 ) 
4 38 91 (736 1568 192 ) (736 1568 96 ) (736 1088 96 ) (736 1088 192 ) 
4 38 88 (736 1088 576 ) (736 1568 576 ) (736 1568 192 ) (736 1088 192 ) 
4 38 77 (736 256 576 ) (736 256 96 ) (1664 256 96 ) (1664 256 576 ) 
4 38 44 (1557.856406 570.143594 96 ) (1376.485518 256 96 ) (1339.535101 256 96 ) (1530.143594 586.143594 96 ) 
4 38 43 (1664 817.989690 96 ) (1664 753.989690 96 ) (1573.856406 597.856406 96 ) (1546.143594 613.856406 96 ) 
6 38 45 (736 256 96 ) (736 1568 96 ) (1225.372583 1568 96 ) (1664 1129.372583 96 ) (1664 817.989690 96 ) (1339.535101 256 96 ) 
4 38 42 (1478.627417 1360 96 ) (1664 1174.627417 96 ) (1664 1129.372583 96 ) (1456 1337.372583 96 ) 
4 38 41 (1225.372583 1568 96 ) (1270.627417 1568 96 ) (1456 1382.627417 96 ) (1433.372583 1360 96 ) 
3 38 40 (1664 753.989690 96 ) (1664 256 96 ) (1376.485518 256 96 ) 
3 38 39 (1270.627417 1568 96 ) (1664 1568 96 ) (1664 1174.627417 96 ) 
3 39 49 (1568 1280 0 ) (1596.117749 1242.509668 0 ) (1571.124194 1267.503223 0 ) 
4 39 48 (1424 1472 0 ) (1664 1312 0 ) (1664 1174.627417 0 ) (1596.117749 1242.509668 0 ) 
3 39 46 (1280 1568 0 ) (1664 1568 0 ) (1664 1312 0 ) 
4 39 42 (1664 1174.627417 0 ) (1664 1174.627417 96 ) (1478.627417 1360 96 ) (1478.627417 1360 0 ) 
4 39 41 (1456 1382.627417 96 ) (1270.627417 1568 96 ) (1270.627417 1568 0 ) (1456 1382.627417 0 ) 
4 40 78 (1376.485518 256 0 ) (1664 256 0 ) (1664 256 96 ) (1376.485518 256 96 ) 
3 40 47 (1664 656 0 ) (1664 512 0 ) (1472 368 0 ) 
4 40 58 (1664 512 0 ) (1664 256 0 ) (1376.485518 256 0 ) (1417.587402 327.190552 0 ) 
4 40 44 (1557.856406 570.143594 0 ) (1376.485518 256 0 ) (1376.485518 256 96 ) (1557.856406 570.143594 96 ) 
4 40 43 (1664 753.989690 96 ) (1664 753.989690 0 ) (1573.856406 597.856406 0 ) (1573.856406 597.856406 96 ) 
4 41 45 (1433.372583 1360 96 ) (1225.372583 1568 96 ) (1225.372583 1568 0 ) (1433.372583 1360 0 ) 
5 42 49 (1571.124194 1267.503223 0 ) (1596.117749 1242.509668 0 ) (1664 1152 0 ) (1664 1129.372583 0 ) (1586.209139 1207.163444 0 ) 
3 42 48 (1596.117749 1242.509668 0 ) (1664 1174.627417 0 ) (1664 1152 0 ) 
4 42 45 (1664 1129.372583 0 ) (1664 1129.372583 96 ) (1456 1337.372583 96 ) (1456 1337.372583 0 ) 
4 43 45 (1664 817.989690 96 ) (1664 817.989690 0 ) (1546.143594 613.856406 0 ) (1546.143594 613.856406 96 ) 
4 44 78 (1339.535101 256 0 ) (1376.485518 256 0 ) (1376.485518 256 96 ) (1339.535101 256 96 ) 
4 44 58 (1417.587402 327.190552 0 ) (1376.485518 256 0 ) (1339.535101 256 0 ) (1352.417658 278.313244 0 ) 
4 44 45 (1530.143594 586.143594 0 ) (1339.535101 256 0 ) (1339.535101 256 96 ) (1530.143594 586.143594 96 ) 
4 45 113 (736 841.372583 96 ) (736 886.627417 96 ) (736 886.627417 0 ) (736 841.372583 0 ) 
4 45 115 (736 886.627417 96 ) (736 1088 96 ) (736 1088 0 ) (736 886.627417 0 ) 
4 45 112 (736 256 0 ) (736 256 96 ) (736 841.372583 96 ) (736 841.372583 0 ) 
4 45 91 (736 1088 96 ) (736 1568 96 ) (736 1568 0 ) (736 1088 0 ) 
4 45 78 (1120 256 0 ) (1339.535101 256 0 ) (1339.535101 256 96 ) (1120 256 96 ) 
4 45 80 (736 256 96 ) (736 256 0 ) (1088 256 0 ) (1088 256 96 ) 
3 45 49 (1586.209139 1207.163444 0 ) (1664 1129.372583 0 ) (1664 896 0 ) 
3 45 58 (1352.417658 278.313244 0 ) (1339.535101 256 0 ) (1322.666667 256 0 ) 
4 46 57 (1280 1568 -64 ) (1424 1472 -64 ) (1424 1472 -32 ) (1280 1568 -32 ) 
4 46 48 (1424 1472 -64 ) (1664 1312 -64 ) (1664 1312 0 ) (1424 1472 0 ) 
3 47 54 (1664 656 -32 ) (1664 656 -54.588235 ) (1472 368 -32 ) 
4 47 55 (1664 656 -54.588235 ) (1664 656 -64 ) (1472 368 -64 ) (1472 368 -32 ) 
4 47 58 (1472 368 -64 ) (1664 512 -64 ) (1664 512 0 ) (1472 368 0 ) 
3 48 56 (1424 1472 -32 ) (1568 1280 -55.040000 ) (1568 1280 -32 ) 
4 48 57 (1424 1472 -32 ) (1424 1472 -64 ) (1568 1280 -64 ) (1568 1280 -55.040000 ) 
4 48 49 (1568 1280 -64 ) (1664 1152 -64 ) (1664 1152 0 ) (1568 1280 0 ) 
5 49 51 (1644 976 -64 ) (1655.272727 930.909091 -64 ) (1664 896 -58.666667 ) (1664 896 -32 ) (1568 1280 -32 ) 
3 49 54 (1655.272727 930.909091 -64 ) (1664 896 -64 ) (1664 896 -58.666667 ) 
4 49 56 (1579.200000 1235.200000 -64 ) (1644 976 -64 ) (1568 1280 -32 ) (1568 1280 -55.040000 ) 
3 49 57 (1568 1280 -64 ) (1579.200000 1235.200000 -64 ) (1568 1280 -55.040000 ) 
4 50 51 (1556.363636 782.545455 -64 ) (1520 928 -64 ) (1664 896 -32 ) (1664 739.076923 -41.230769 ) 
4 50 54 (1664 739.076923 -41.230769 ) (1664 656 -32 ) (1520 728 -64 ) (1556.363636 782.545455 -64 ) 
4 51 54 (1655.272727 930.909091 -64 ) (1664 896 -58.666667 ) (1664 739.076923 -41.230769 ) (1556.363636 782.545455 -64 ) 
3 51 56 (1568 1280 -32 ) (1644 976 -64 ) (1440 1248 -64 ) 
3 52 82 (883.200000 256 -57.600000 ) (1105.066667 256 -57.600000 ) (1262.222222 256 -39.111111 ) 
4 52 53 (880 288 -64 ) (1093.333333 288 -64 ) (1105.066667 256 -57.600000 ) (883.200000 256 -57.600000 ) 
4 52 55 (1093.333333 288 -64 ) (1200 368 -64 ) (1262.222222 256 -39.111111 ) (1105.066667 256 -57.600000 ) 
3 53 123 (736 256 -64 ) (736 256 -57.600000 ) (736 288 -64 ) 
4 53 84 (736 256 -57.600000 ) (736 256 -64 ) (1050.666667 256 -64 ) (1105.066667 256 -57.600000 ) 
3 53 55 (1050.666667 256 -64 ) (1093.333333 288 -64 ) (1105.066667 256 -57.600000 ) 
4 54 55 (1360 488 -64 ) (1664 716 -64 ) (1664 656 -54.588235 ) (1472 368 -32 ) 
3 55 81 (1322.666667 256 -36.162602 ) (1322.666667 256 -32 ) (1262.222222 256 -39.111111 ) 
4 55 82 (1322.666667 256 -57.600000 ) (1322.666667 256 -36.162602 ) (1262.222222 256 -39.111111 ) (1105.066667 256 -57.600000 ) 
4 55 84 (1050.666667 256 -64 ) (1322.666667 256 -64 ) (1322.666667 256 -57.600000 ) (1105.066667 256 -57.600000 ) 
4 55 58 (1322.666667 256 -32 ) (1322.666667 256 -64 ) (1472 368 -64 ) (1472 368 -32 ) 
4 56 57 (1424 1472 -32 ) (1568 1280 -55.040000 ) (1579.200000 1235.200000 -64 ) (1320 1408 -64 ) 
4 58 85 (1322.666667 256 -64 ) (1664 256 -64 ) (1664 256 0 ) (1322.666667 256 0 ) 
3 59 96 (736 1568 -51.478261 ) (736 1568 -64 ) (736 1532 -64 ) 
3 60 70 (800 1088 -224 ) (1520 728 -64 ) (1520 608 -64 ) 
3 60 62 (800 1088 -224 ) (1520 608 -64 ) (1360 488 -64 ) 
3 61 65 (800 1088 -224 ) (1320 1408 -64 ) (1416 1344 -64 ) 
3 61 63 (800 1088 -224 ) (1416 1344 -64 ) (1440 1248 -64 ) 
3 62 70 (800 1088 -224 ) (1520 608 -64 ) (1520 448 -64 ) 
3 62 64 (800 1088 -224 ) (1520 448 -64 ) (1200 368 -64 ) 
3 63 70 (800 1088 -224 ) (1520 1274.666667 -64 ) (1520 928 -64 ) 
3 63 65 (800 1088 -224 ) (1416 1344 -64 ) (1520 1274.666667 -64 ) 
3 64 70 (800 1088 -224 ) (1520 448 -64 ) (1520 288 -64 ) 
3 64 68 (800 1088 -224 ) (1520 288 -64 ) (880 288 -64 ) 
3 65 70 (800 1088 -224 ) (1520 1568 -64 ) (1520 1274.666667 -64 ) 
3 65 75 (800 1088 -224 ) (1080 1568 -64 ) (1520 1568 -64 ) 
3 66 126 (736 974.222222 -195.555556 ) (736 874.666667 -181.333333 ) (736 661.333333 -138.666667 ) 
3 66 67 (736 874.666667 -181.333333 ) (736 974.222222 -195.555556 ) (800 1088 -224 ) 
3 66 68 (800 1088 -224 ) (736 661.333333 -138.666667 ) (736 874.666667 -181.333333 ) 
3 67 124 (736 1024 -202.666667 ) (736 1007.157895 -201.543860 ) (736 974.222222 -195.555556 ) 
4 67 126 (736 1007.157895 -201.543860 ) (736 960 -198.400000 ) (736 874.666667 -181.333333 ) (736 974.222222 -195.555556 ) 
3 67 68 (800 1088 -224 ) (736 874.666667 -181.333333 ) (736 960 -198.400000 ) 
3 67 71 (800 1088 -224 ) (736 960 -198.400000 ) (736 1024 -202.666667 ) 
4 68 128 (736 256 -151.466667 ) (736 256 -64 ) (736 288 -64 ) (736 960 -198.400000 ) 
4 68 86 (736 256 -64 ) (736 256 -151.466667 ) (913.454545 256 -198.787879 ) (1520 256 -64 ) 
4 68 71 (800 1088 -224 ) (913.454545 256 -198.787879 ) (736 256 -151.466667 ) (736 960 -198.400000 ) 
4 68 70 (800 1088 -224 ) (1520 288 -64 ) (1520 256 -64 ) (913.454545 256 -198.787879 ) 
3 69 98 (736 1132.800000 -198.400000 ) (736 1106.285714 -205.714286 ) (736 1092.571429 -205.714286 ) 
3 69 72 (736 1092.571429 -205.714286 ) (736 1106.285714 -205.714286 ) (800 1088 -224 ) 
3 69 73 (800 1088 -224 ) (736 1106.285714 -205.714286 ) (736 1132.800000 -198.400000 ) 
5 70 86 (913.454545 256 -198.787879 ) (1488 256 -352 ) (1664 256 -352 ) (1664 256 -64 ) (1520 256 -64 ) 
4 70 71 (800 1088 -224 ) (1376 704 -352 ) (1488 256 -352 ) (913.454545 256 -198.787879 ) 
5 70 75 (800 1088 -224 ) (1520 1568 -64 ) (1664 1568 -64 ) (1664 704 -352 ) (1376 704 -352 ) 
3 71 125 (736 1007.157895 -201.543860 ) (736 1069.714286 -205.714286 ) (736 1030.095238 -205.714286 ) 
4 71 126 (736 960 -198.400000 ) (736 1007.157895 -201.543860 ) (736 1030.095238 -205.714286 ) (736 996.571429 -205.714286 ) 
4 71 128 (736 256 -205.714286 ) (736 256 -151.466667 ) (736 960 -198.400000 ) (736 996.571429 -205.714286 ) 
4 71 86 (736 256 -151.466667 ) (736 256 -205.714286 ) (1248 256 -352 ) (1488 256 -352 ) 
5 71 72 (736 256 -205.714286 ) (736 1069.714286 -205.714286 ) (800 1088 -224 ) (1248 704 -352 ) (1248 256 -352 ) 
3 71 75 (800 1088 -224 ) (1376 704 -352 ) (1248 704 -352 ) 
4 72 127 (736 996.571429 -205.714286 ) (736 1088 -205.714286 ) (736 1088 -210.758621 ) (736 1060.173913 -218.434783 ) 
5 72 128 (736 256 -352 ) (736 256 -205.714286 ) (736 996.571429 -205.714286 ) (736 1060.173913 -218.434783 ) (736 576 -352 ) 
3 72 99 (736 1088 -205.714286 ) (736 1106.285714 -205.714286 ) (736 1088 -210.758621 ) 
3 72 86 (736 256 -205.714286 ) (736 256 -352 ) (1248 256 -352 ) 
4 72 73 (800 1088 -224 ) (906.666667 704 -352 ) (736 576 -352 ) (736 1106.285714 -205.714286 ) 
3 72 75 (800 1088 -224 ) (1248 704 -352 ) (906.666667 704 -352 ) 
4 73 127 (736 1088 -218.434783 ) (736 1077.841270 -221.968254 ) (736 1060.173913 -218.434783 ) (736 1088 -210.758621 ) 
4 73 128 (736 1077.841270 -221.968254 ) (736 704 -352 ) (736 576 -352 ) (736 1060.173913 -218.434783 ) 
3 73 102 (736 1194.666667 -181.333333 ) (736 1088 -218.434783 ) (736 1088 -210.758621 ) 
3 73 74 (736 704 -352 ) (736 1194.666667 -181.333333 ) (800 1088 -224 ) 
3 73 75 (736 704 -352 ) (800 1088 -224 ) (906.666667 704 -352 ) 
3 74 127 (736 1088 -224 ) (736 1077.841270 -221.968254 ) (736 1088 -218.434783 ) 
3 74 128 (736 1088 -224 ) (736 704 -352 ) (736 1077.841270 -221.968254 ) 
4 74 102 (736 1318.400000 -147.200000 ) (736 1088 -224 ) (736 1088 -218.434783 ) (736 1194.666667 -181.333333 ) 
4 74 100 (736 1532 -64 ) (736 1568 -64 ) (736 1318.400000 -147.200000 ) (736 1194.666667 -181.333333 ) 
3 74 75 (736 704 -352 ) (736 1568 -64 ) (880 1568 -64 ) 
3 75 128 (736 1088 -352 ) (736 704 -352 ) (736 1088 -224 ) 
5 75 102 (736 1568 -78.344828 ) (736 1568 -352 ) (736 1088 -352 ) (736 1088 -224 ) (736 1318.400000 -147.200000 ) 
3 75 100 (736 1568 -64 ) (736 1568 -78.344828 ) (736 1318.400000 -147.200000 ) 
4 76 145 (1664 128 576 ) (1664 128 608 ) (736 128 608 ) (736 128 576 ) 
4 76 110 (736 128 576 ) (736 128 608 ) (736 256 608 ) (736 256 576 ) 
4 77 148 (1664 128 96 ) (1664 128 192 ) (736 128 192 ) (736 128 96 ) 
4 77 146 (1664 128 192 ) (1664 128 576 ) (736 128 576 ) (736 128 192 ) 
4 77 111 (736 128 96 ) (736 128 576 ) (736 256 576 ) (736 256 96 ) 
4 77 79 (1120 128 96 ) (1088 128 96 ) (1088 224 96 ) (1120 224 96 ) 
4 77 78 (1664 128 96 ) (1120 128 96 ) (1120 256 96 ) (1664 256 96 ) 
4 77 80 (1088 128 96 ) (736 128 96 ) (736 256 96 ) (1088 256 96 ) 
4 78 148 (1664 128 0 ) (1664 128 96 ) (1120 128 96 ) (1120 128 0 ) 
4 78 83 (1152 128 0 ) (1120 128 0 ) (1120 184 0 ) (1280 224 0 ) 
4 78 85 (1664 128 0 ) (1152 128 0 ) (1322.666667 256 0 ) (1664 256 0 ) 
4 78 79 (1120 224 0 ) (1120 128 0 ) (1120 128 96 ) (1120 224 96 ) 
4 79 148 (1120 128 96 ) (1088 128 96 ) (1088 128 0 ) (1120 128 0 ) 
4 79 83 (1120 128 0 ) (1088 128 0 ) (1088 176 0 ) (1120 184 0 ) 
4 79 80 (1088 128 0 ) (1088 128 96 ) (1088 224 96 ) (1088 224 0 ) 
4 80 148 (1088 128 96 ) (736 128 96 ) (736 128 0 ) (1088 128 0 ) 
4 80 112 (736 128 0 ) (736 128 96 ) (736 256 96 ) (736 256 0 ) 
3 80 83 (1088 128 0 ) (896 128 0 ) (1088 176 0 ) 
3 81 82 (1262.222222 256 -39.111111 ) (1322.666667 256 -36.162602 ) (1280 224 -32 ) 
3 81 85 (1322.666667 256 -36.162602 ) (1322.666667 256 -32 ) (1280 224 -32 ) 
3 82 83 (1280 224 -51.200000 ) (1280 224 -32 ) (896 128 -32 ) 
4 82 85 (1322.666667 256 -57.600000 ) (1322.666667 256 -36.162602 ) (1280 224 -32 ) (1280 224 -51.200000 ) 
4 82 84 (896 128 -32 ) (883.200000 256 -57.600000 ) (1322.666667 256 -57.600000 ) (1280 224 -51.200000 ) 
4 83 148 (1152 128 0 ) (896 128 0 ) (896 128 -32 ) (1152 128 -32 ) 
3 83 84 (1152 128 -32 ) (896 128 -32 ) (1280 224 -51.200000 ) 
4 83 85 (1280 224 0 ) (1152 128 0 ) (1152 128 -32 ) (1280 224 -51.200000 ) 
4 84 148 (736 128 -32 ) (736 128 -64 ) (1152 128 -64 ) (1152 128 -32 ) 
4 84 123 (736 128 -64 ) (736 128 -32 ) (736 256 -57.600000 ) (736 256 -64 ) 
4 84 85 (1152 128 -64 ) (1322.666667 256 -64 ) (1322.666667 256 -57.600000 ) (1152 128 -32 ) 
4 85 148 (1664 128 -64 ) (1664 128 0 ) (1152 128 0 ) (1152 128 -64 ) 
4 86 151 (1664 128 -352 ) (1664 128 -64 ) (736 128 -64 ) (736 128 -352 ) 
4 86 128 (736 128 -352 ) (736 128 -64 ) (736 256 -64 ) (736 256 -352 ) 
4 87 129 (192 1088 608 ) (128 1088 608 ) (128 1088 576 ) (192 1088 576 ) 
4 87 110 (736 1088 576 ) (736 1088 608 ) (192 1088 608 ) (192 1088 576 ) 
4 87 104 (128 1088 576 ) (128 1088 608 ) (128 1664 608 ) (128 1664 576 ) 
4 87 103 (128 1664 608 ) (128 2048 608 ) (128 2048 576 ) (128 1664 576 ) 
4 88 131 (160 1088 576 ) (128 1088 576 ) (128 1088 192 ) (160 1088 192 ) 
4 88 130 (192 1088 576 ) (160 1088 576 ) (160 1088 192 ) (192 1088 192 ) 
4 88 111 (736 1088 192 ) (736 1088 576 ) (192 1088 576 ) (192 1088 192 ) 
4 88 105 (128 1088 192 ) (128 1088 576 ) (128 1952 576 ) (128 1952 192 ) 
4 88 91 (736 1088 192 ) (128 1088 192 ) (128 1280 192 ) (736 1736 192 ) 
4 88 89 (128 1740.800000 192 ) (128 1856 192 ) (320 1952 192 ) (704 1856 192 ) 
4 88 90 (128 1280 192 ) (128 1740.800000 192 ) (736 1862.400000 192 ) (736 1736 192 ) 
4 89 106 (128 1740.800000 192 ) (128 1856 192 ) (128 1856 -64 ) (128 1740.800000 -64 ) 
4 89 90 (128 1740.800000 192 ) (128 1740.800000 -64 ) (704 1856 -64 ) (704 1856 192 ) 
4 90 106 (128 1280 192 ) (128 1740.800000 192 ) (128 1740.800000 -64 ) (128 1280 -64 ) 
3 90 92 (512 1568 -32 ) (696 1706 0 ) (512 1568 0 ) 
4 90 94 (320 1424 -64 ) (328 1430 -64 ) (512 1568 -32 ) (320 1424 -32 ) 
4 90 96 (328 1430 -64 ) (736 1736 -64 ) (736 1736 0 ) (696 1706 0 ) 
4 90 97 (128 1280 0 ) (128 1280 -64 ) (320 1424 -64 ) (320 1424 0 ) 
4 90 91 (128 1280 192 ) (128 1280 0 ) (736 1736 0 ) (736 1736 192 ) 
4 91 134 (128 1088 96 ) (128 1088 0 ) (160 1088 0 ) (160 1088 96 ) 
4 91 133 (192 1088 192 ) (128 1088 192 ) (128 1088 96 ) (192 1088 96 ) 
4 91 115 (736 1088 0 ) (736 1088 96 ) (192 1088 96 ) (192 1088 0 ) 
4 91 111 (736 1088 96 ) (736 1088 192 ) (192 1088 192 ) (192 1088 96 ) 
4 91 106 (128 1088 0 ) (128 1088 192 ) (128 1280 192 ) (128 1280 0 ) 
4 91 92 (512 1568 0 ) (696 1706 0 ) (736 1716 0 ) (736 1624 0 ) 
3 91 96 (696 1706 0 ) (736 1736 0 ) (736 1716 0 ) 
3 91 97 (128 1136 0 ) (128 1280 0 ) (320 1424 0 ) 
4 92 96 (512 1568 -32 ) (696 1706 0 ) (736 1716 0 ) (736 1624 -32 ) 
4 93 94 (320 1424 -32 ) (400 1368 -64 ) (240 1248 -64 ) (208.640000 1256.960000 -55.040000 ) 
3 93 97 (320 1424 -32 ) (208.640000 1256.960000 -55.040000 ) (128 1136 -32 ) 
4 93 95 (128 1136 -32 ) (208.640000 1256.960000 -55.040000 ) (240 1248 -64 ) (240 1128 -64 ) 
3 94 95 (208.640000 1256.960000 -55.040000 ) (240 1304 -64 ) (240 1248 -64 ) 
4 94 97 (320 1424 -32 ) (320 1424 -64 ) (240 1304 -64 ) (208.640000 1256.960000 -55.040000 ) 
3 94 96 (560 1488 -64 ) (328 1430 -64 ) (512 1568 -32 ) 
4 95 136 (128 1088 -32 ) (128 1088 -44.800000 ) (192 1088 -61.866667 ) (192 1088 -50.285714 ) 
4 95 137 (128 1088 -44.800000 ) (128 1088 -64 ) (192 1088 -64 ) (192 1088 -61.866667 ) 
4 95 116 (200 1088 -64 ) (240 1088 -64 ) (192 1088 -50.285714 ) (192 1088 -61.866667 ) 
3 95 117 (192 1088 -64 ) (200 1088 -64 ) (192 1088 -61.866667 ) 
4 95 106 (128 1088 -64 ) (128 1088 -32 ) (128 1136 -32 ) (128 1136 -64 ) 
3 95 97 (240 1304 -64 ) (128 1136 -64 ) (128 1136 -32 ) 
4 97 106 (128 1136 0 ) (128 1280 0 ) (128 1280 -64 ) (128 1136 -64 ) 
4 98 102 (240 1248 -64 ) (400 1368 -64 ) (736 1132.800000 -198.400000 ) (736 1106.285714 -205.714286 ) 
4 98 99 (240 1128 -64 ) (240 1248 -64 ) (736 1106.285714 -205.714286 ) (736 1092.571429 -205.714286 ) 
4 99 142 (192 1088 -64 ) (128 1088 -64 ) (128 1088 -84.965517 ) (192 1088 -98.206897 ) 
5 99 127 (736 1088 -210.758621 ) (736 1088 -205.714286 ) (240 1088 -64 ) (192 1088 -64 ) (192 1088 -98.206897 ) 
3 99 108 (128 1088 -84.965517 ) (128 1088 -64 ) (128 1164 -64 ) 
5 99 102 (736 1088 -210.758621 ) (128 1088 -84.965517 ) (128 1164 -64 ) (240 1248 -64 ) (736 1106.285714 -205.714286 ) 
3 100 102 (560 1488 -64 ) (736 1620 -64 ) (736 1194.666667 -181.333333 ) 
4 101 102 (736 1848 -352 ) (736 1848 -64 ) (704 1856 -64 ) (704 1856 -352 ) 
4 102 142 (192 1088 -98.206897 ) (128 1088 -84.965517 ) (128 1088 -352 ) (192 1088 -352 ) 
4 102 127 (736 1088 -224 ) (736 1088 -210.758621 ) (192 1088 -98.206897 ) (192 1088 -224 ) 
4 102 128 (736 1088 -352 ) (736 1088 -224 ) (192 1088 -224 ) (192 1088 -352 ) 
5 102 108 (128 1088 -352 ) (128 1088 -84.965517 ) (128 1164 -64 ) (128 1856 -64 ) (128 1856 -352 ) 
4 103 104 (-256 1664 576 ) (128 1664 576 ) (128 1664 608 ) (-256 1664 608 ) 
4 104 129 (128 1088 576 ) (128 1088 608 ) (-384 1088 608 ) (-384 1088 576 ) 
4 105 131 (-208 1088 192 ) (128 1088 192 ) (128 1088 576 ) (-208 1088 576 ) 
4 105 107 (-64 1088 192 ) (-160 1088 192 ) (-160 1280 192 ) (-64 1616 192 ) 
4 105 106 (128 1856 192 ) (128 1088 192 ) (-64 1088 192 ) (-64 1808 192 ) 
4 106 140 (-64 1088 -64 ) (64 1088 -64 ) (64 1088 192 ) (-64 1088 192 ) 
4 106 139 (64 1088 -64 ) (128 1088 -64 ) (128 1088 192 ) (64 1088 192 ) 
4 106 107 (-64 1616 -64 ) (-64 1088 -64 ) (-64 1088 192 ) (-64 1616 192 ) 
4 107 140 (-160 1088 -64 ) (-64 1088 -64 ) (-64 1088 192 ) (-160 1088 192 ) 
4 108 143 (64 1088 -64 ) (-64 1088 -64 ) (-64 1088 -352 ) (64 1088 -352 ) 
4 108 142 (128 1088 -352 ) (128 1088 -64 ) (64 1088 -64 ) (64 1088 -352 ) 
4 108 109 (-64 1088 -352 ) (-64 1088 -64 ) (-64 1616 -64 ) (-64 1616 -352 ) 
4 109 143 (-160 1088 -352 ) (-64 1088 -352 ) (-64 1088 -64 ) (-160 1088 -64 ) 
4 110 157 (256 128 608 ) (192 128 608 ) (192 128 576 ) (256 128 576 ) 
4 110 145 (736 128 576 ) (736 128 608 ) (256 128 608 ) (256 128 576 ) 
4 110 129 (192 1088 608 ) (192 1088 576 ) (192 128 576 ) (192 128 608 ) 
4 111 159 (192 128 192 ) (192 128 96 ) (256 128 96 ) (256 128 192 ) 
4 111 158 (256 128 576 ) (192 128 576 ) (192 128 192 ) (256 128 192 ) 
4 111 148 (736 128 96 ) (736 128 192 ) (256 128 192 ) (256 128 96 ) 
4 111 146 (736 128 192 ) (736 128 576 ) (256 128 576 ) (256 128 192 ) 
4 111 133 (192 1088 192 ) (192 1088 96 ) (192 1056 96 ) (192 1056 192 ) 
4 111 135 (192 1056 96 ) (192 128 96 ) (192 128 192 ) (192 1056 192 ) 
4 111 130 (192 1088 576 ) (192 1088 192 ) (192 128 192 ) (192 128 576 ) 
4 111 114 (336 441.372583 96 ) (192 297.372583 96 ) (192 342.627417 96 ) (313.372583 464 96 ) 
4 111 113 (736 886.627417 96 ) (736 841.372583 96 ) (358.627417 464 96 ) (336 486.627417 96 ) 
4 111 115 (192 1088 96 ) (736 1088 96 ) (736 886.627417 96 ) (192 342.627417 96 ) 
4 111 112 (736 841.372583 96 ) (736 128 96 ) (192 128 96 ) (192 297.372583 96 ) 
4 112 159 (256 128 96 ) (192 128 96 ) (192 128 0 ) (256 128 0 ) 
4 112 148 (736 128 0 ) (736 128 96 ) (256 128 96 ) (256 128 0 ) 
4 112 135 (192 297.372583 0 ) (192 128 0 ) (192 128 96 ) (192 297.372583 96 ) 
3 112 118 (656 128 0 ) (512 128 0 ) (368 320 0 ) 
5 112 120 (512 128 0 ) (392 128 0 ) (305.600000 185.600000 0 ) (260.525483 365.898066 0 ) (302.268893 407.641476 0 ) 
3 112 121 (392 128 0 ) (320 128 0 ) (305.600000 185.600000 0 ) 
4 112 122 (320 128 0 ) (192 128 0 ) (192 297.372583 0 ) (260.525483 365.898066 0 ) 
4 112 114 (192 297.372583 0 ) (192 297.372583 96 ) (336 441.372583 96 ) (336 441.372583 0 ) 
4 112 113 (358.627417 464 96 ) (736 841.372583 96 ) (736 841.372583 0 ) (358.627417 464 0 ) 
4 113 115 (736 886.627417 96 ) (736 886.627417 0 ) (336 486.627417 0 ) (336 486.627417 96 ) 
4 114 135 (192 342.627417 0 ) (192 297.372583 0 ) (192 297.372583 96 ) (192 342.627417 96 ) 
4 114 120 (302.268893 407.641476 0 ) (260.525483 365.898066 0 ) (251.474517 402.101934 0 ) (282.873964 433.501381 0 ) 
4 114 122 (260.525483 365.898066 0 ) (192 297.372583 0 ) (192 342.627417 0 ) (251.474517 402.101934 0 ) 
4 114 115 (313.372583 464 0 ) (192 342.627417 0 ) (192 342.627417 96 ) (313.372583 464 96 ) 
4 115 135 (192 1056 0 ) (192 342.627417 0 ) (192 342.627417 96 ) (192 1056 96 ) 
3 115 120 (282.873964 433.501381 0 ) (251.474517 402.101934 0 ) (224 512 0 ) 
3 115 122 (251.474517 402.101934 0 ) (192 342.627417 0 ) (192 640 0 ) 
3 116 136 (192 1088 -50.285714 ) (192 1088 -61.866667 ) (192 914.285714 -50.285714 ) 
4 116 117 (192 914.285714 -50.285714 ) (192 1088 -61.866667 ) (200 1088 -64 ) (240 928 -64 ) 
5 117 137 (192 1088 -61.866667 ) (192 1088 -64 ) (192 778.666667 -64 ) (192 640 -44.190476 ) (192 640 -32 ) 
3 117 122 (192 640 -32 ) (192 640 -44.190476 ) (224 512 -32 ) 
4 117 119 (192 778.666667 -64 ) (320 608 -64 ) (224 512 -32 ) (192 640 -44.190476 ) 
4 118 148 (656 128 0 ) (512 128 0 ) (512 128 -14.545455 ) (656 128 -32 ) 
3 118 121 (656 128 -32 ) (512 128 -14.545455 ) (368 320 -32 ) 
4 118 120 (368 320 -32 ) (512 128 -14.545455 ) (512 128 0 ) (368 320 0 ) 
3 119 137 (192 778.666667 -64 ) (192 640 -64 ) (192 640 -44.190476 ) 
3 119 120 (224 512 -32 ) (224 512 -49.454545 ) (368 320 -32 ) 
5 119 122 (192 640 -44.190476 ) (192 640 -64 ) (200 608 -64 ) (224 512 -49.454545 ) (224 512 -32 ) 
4 119 121 (200 608 -64 ) (440 448 -64 ) (368 320 -32 ) (224 512 -49.454545 ) 
3 120 148 (512 128 0 ) (392 128 0 ) (512 128 -14.545455 ) 
4 120 121 (512 128 -14.545455 ) (392 128 0 ) (305.600000 185.600000 0 ) (224 512 -49.454545 ) 
3 120 122 (224 512 -49.454545 ) (305.600000 185.600000 0 ) (224 512 0 ) 
4 121 148 (392 128 0 ) (320 128 0 ) (320 128 -32 ) (656 128 -32 ) 
5 121 122 (200 608 -64 ) (280 288 -64 ) (320 128 -32 ) (320 128 0 ) (305.600000 185.600000 0 ) 
4 121 123 (656 128 -32 ) (320 128 -32 ) (280 288 -64 ) (680 288 -64 ) 
4 122 159 (256 128 0 ) (192 128 0 ) (192 128 -32 ) (256 128 -32 ) 
4 122 148 (320 128 0 ) (256 128 0 ) (256 128 -32 ) (320 128 -32 ) 
5 122 138 (192 640 -64 ) (192 288 -64 ) (192 128 -32 ) (192 128 0 ) (192 640 0 ) 
4 122 123 (320 128 -32 ) (192 128 -32 ) (192 288 -64 ) (280 288 -64 ) 
4 123 159 (256 128 -32 ) (192 128 -32 ) (192 128 -64 ) (256 128 -64 ) 
4 123 148 (736 128 -64 ) (736 128 -32 ) (256 128 -32 ) (256 128 -64 ) 
3 123 138 (192 288 -64 ) (192 128 -64 ) (192 128 -32 ) 
4 124 125 (344 512 -64 ) (320 608 -64 ) (736 1024 -202.666667 ) (736 1007.157895 -201.543860 ) 
4 124 126 (736 1007.157895 -201.543860 ) (736 974.222222 -195.555556 ) (440 448 -64 ) (344 512 -64 ) 
4 125 126 (736 1030.095238 -205.714286 ) (736 1007.157895 -201.543860 ) (344 512 -64 ) (240 581.333333 -64 ) 
4 125 127 (240 581.333333 -64 ) (240 928 -64 ) (736 1069.714286 -205.714286 ) (736 1030.095238 -205.714286 ) 
4 126 127 (240 288 -64 ) (240 581.333333 -64 ) (736 1030.095238 -205.714286 ) (736 996.571429 -205.714286 ) 
4 126 128 (736 996.571429 -205.714286 ) (736 661.333333 -138.666667 ) (680 288 -64 ) (240 288 -64 ) 
3 127 142 (192 1088 -64 ) (192 1088 -224 ) (192 288 -64 ) 
5 127 128 (192 288 -64 ) (192 1088 -224 ) (736 1088 -224 ) (736 996.571429 -205.714286 ) (240 288 -64 ) 
4 128 161 (256 128 -64 ) (192 128 -64 ) (192 128 -352 ) (256 128 -352 ) 
4 128 151 (736 128 -352 ) (736 128 -64 ) (256 128 -64 ) (256 128 -352 ) 
5 128 142 (192 1088 -224 ) (192 1088 -352 ) (192 128 -352 ) (192 128 -64 ) (192 288 -64 ) 
4 129 157 (192 128 576 ) (192 128 608 ) (-384 128 608 ) (-384 128 576 ) 
4 130 158 (-160 128 192 ) (192 128 192 ) (192 128 576 ) (-160 128 576 ) 
4 130 141 (-83.200000 358.400000 192 ) (-36.571429 498.285714 192 ) (-35.200000 492.800000 192 ) (-64 320 192 ) 
3 130 140 (-36.571429 498.285714 192 ) (-32 512 192 ) (-35.200000 492.800000 192 ) 
4 130 139 (128 128 192 ) (-96 128 192 ) (-32 512 192 ) (128 992 192 ) 
4 130 133 (192 1088 192 ) (192 1056 192 ) (149.333333 1056 192 ) (160 1088 192 ) 
5 130 135 (192 1056 192 ) (192 128 192 ) (128 128 192 ) (128 992 192 ) (149.333333 1056 192 ) 
4 130 132 (-6.400000 588.800000 192 ) (-112 272 192 ) (-112 272 576 ) (-6.400000 588.800000 576 ) 
4 130 131 (160 1088 576 ) (160 1088 192 ) (-6.400000 588.800000 192 ) (-6.400000 588.800000 576 ) 
5 131 140 (-160 1088 192 ) (64 1088 192 ) (-16 608 192 ) (-112 800 192 ) (-160 992 192 ) 
5 131 139 (64 1088 192 ) (128 1088 192 ) (128 992 192 ) (-6.400000 588.800000 192 ) (-16 608 192 ) 
4 131 133 (128 1088 192 ) (160 1088 192 ) (149.333333 1056 192 ) (128 1056 192 ) 
3 131 135 (149.333333 1056 192 ) (128 992 192 ) (128 1056 192 ) 
4 131 132 (-160 896 192 ) (-6.400000 588.800000 192 ) (-6.400000 588.800000 576 ) (-160 896 576 ) 
4 132 141 (-112 800 192 ) (-36.571429 498.285714 192 ) (-83.200000 358.400000 192 ) (-160 512 192 ) 
4 132 140 (-112 800 192 ) (-16 608 192 ) (-32 512 192 ) (-36.571429 498.285714 192 ) 
3 132 139 (-16 608 192 ) (-6.400000 588.800000 192 ) (-32 512 192 ) 
4 133 139 (128 1088 192 ) (128 1088 96 ) (128 1056 96 ) (128 1056 192 ) 
4 133 134 (128 1056 96 ) (128 1088 96 ) (160 1088 96 ) (160 1056 96 ) 
4 133 135 (128 1056 192 ) (128 1056 96 ) (192 1056 96 ) (192 1056 192 ) 
4 134 139 (128 1088 96 ) (128 1088 0 ) (128 1056 0 ) (128 1056 96 ) 
4 134 135 (128 1056 96 ) (128 1056 0 ) (160 1056 0 ) (160 1056 96 ) 
4 135 159 (192 128 0 ) (192 128 192 ) (128 128 192 ) (128 128 0 ) 
4 135 139 (128 1056 0 ) (128 128 0 ) (128 128 192 ) (128 1056 192 ) 
4 135 138 (192 128 0 ) (128 128 0 ) (128 896 0 ) (192 640 0 ) 
3 136 139 (128 1088 -32 ) (128 1088 -44.800000 ) (128 896 -32 ) 
4 136 137 (128 896 -32 ) (128 1088 -44.800000 ) (192 1088 -61.866667 ) (192 914.285714 -50.285714 ) 
4 137 139 (128 1088 -44.800000 ) (128 1088 -64 ) (128 896 -64 ) (128 896 -32 ) 
4 137 138 (192 640 -64 ) (192 640 -32 ) (128 896 -32 ) (128 896 -64 ) 
4 138 159 (128 128 -64 ) (192 128 -64 ) (192 128 0 ) (128 128 0 ) 
4 138 139 (128 896 -64 ) (128 128 -64 ) (128 128 0 ) (128 896 0 ) 
4 139 159 (-96 128 -64 ) (128 128 -64 ) (128 128 192 ) (-96 128 192 ) 
4 139 141 (-35.200000 492.800000 -64 ) (-64 320 -64 ) (-64 320 192 ) (-35.200000 492.800000 192 ) 
4 139 140 (64 1088 192 ) (64 1088 -64 ) (-35.200000 492.800000 -64 ) (-35.200000 492.800000 192 ) 
4 140 141 (-112 800 -64 ) (-35.200000 492.800000 -64 ) (-35.200000 492.800000 192 ) (-112 800 192 ) 
4 142 161 (192 128 -352 ) (192 128 -64 ) (-96 128 -64 ) (-96 128 -352 ) 
4 142 144 (-64 320 -64 ) (-35.200000 492.800000 -64 ) (-35.200000 492.800000 -352 ) (-64 320 -352 ) 
4 142 143 (-35.200000 492.800000 -64 ) (64 1088 -64 ) (64 1088 -352 ) (-35.200000 492.800000 -352 ) 
4 143 144 (-112 800 -352 ) (-35.200000 492.800000 -352 ) (-35.200000 492.800000 -64 ) (-112 800 -64 ) 
4 145 157 (256 128 608 ) (256 128 576 ) (256 -160 576 ) (256 -160 608 ) 
4 145 154 (1664 -160 576 ) (1664 -160 608 ) (256 -160 608 ) (256 -160 576 ) 
4 146 158 (256 128 576 ) (256 128 192 ) (256 24 192 ) (256 24 576 ) 
4 146 155 (1472 -160 576 ) (992 -160 576 ) (992 -160 192 ) (1472 -160 192 ) 
3 146 150 (1664 -32 192 ) (1664 -48 192 ) (1616 -64 192 ) 
4 146 149 (256 24 192 ) (256 25.600000 192 ) (704 -64 192 ) (656 -76 192 ) 
6 146 148 (256 25.600000 192 ) (256 128 192 ) (1664 128 192 ) (1664 -32 192 ) (1472 -160 192 ) (1184 -160 192 ) 
4 146 147 (256 24 192 ) (800 -112 192 ) (800 -112 576 ) (256 24 576 ) 
4 147 158 (256 24 192 ) (256 -160 192 ) (256 -160 576 ) (256 24 576 ) 
4 147 156 (416 -160 576 ) (256 -160 576 ) (256 -160 192 ) (416 -160 192 ) 
4 147 149 (256 -147.200000 192 ) (256 24 192 ) (656 -76 192 ) (320 -160 192 ) 
4 148 159 (256 128 192 ) (256 128 -64 ) (256 25.600000 -64 ) (256 25.600000 192 ) 
4 148 150 (1616 -64 -64 ) (1664 -32 -64 ) (1664 -32 192 ) (1616 -64 192 ) 
4 148 149 (256 25.600000 192 ) (256 25.600000 -64 ) (704 -64 -64 ) (704 -64 192 ) 
4 149 159 (256 25.600000 -64 ) (256 -147.200000 -64 ) (256 -147.200000 192 ) (256 25.600000 192 ) 
4 151 161 (256 128 -64 ) (256 128 -352 ) (256 25.600000 -352 ) (256 25.600000 -64 ) 
4 151 153 (1616 -64 -352 ) (1664 -32 -352 ) (1664 -32 -64 ) (1616 -64 -64 ) 
4 151 152 (256 25.600000 -64 ) (256 25.600000 -352 ) (704 -64 -352 ) (704 -64 -64 ) 
4 152 161 (256 25.600000 -352 ) (256 -147.200000 -352 ) (256 -147.200000 -64 ) (256 25.600000 -64 ) 
4 154 157 (256 -1152 608 ) (256 -160 608 ) (256 -160 576 ) (256 -1152 576 ) 
4 156 158 (256 -180 576 ) (256 -160 576 ) (256 -160 192 ) (256 -180 192 ) 
3 158 160 (240 -144 192 ) (80 -112 192 ) (-16 -16 192 ) 
5 158 159 (-96 128 192 ) (256 128 192 ) (256 -147.200000 192 ) (240 -144 192 ) (-112 32 192 ) 
4 159 160 (-16 -16 -64 ) (240 -144 -64 ) (240 -144 192 ) (-16 -16 192 ) 
4 161 162 (-105.142857 73.142857 -352 ) (-16 -16 -352 ) (-16 -16 -64 ) (-105.142857 73.142857 -64 ) 
